<?xml version="1.0" encoding="UTF-8"?>
<!-- Generated by org.testng.reporters.JUnitReportReporter -->
<testsuite hostname="Manohar" failures="0" tests="1" name="com.utilities.NewTest" time="0.002" errors="0" timestamp="19 Jul 2018 16:45:13 GMT" skipped="0">
  <testcase classname="com.utilities.NewTest" name="f" time="0.002"/>
</testsuite> <!-- com.utilities.NewTest -->
