<?xml version="1.0" encoding="UTF-8"?>
<!-- Generated by org.testng.reporters.JUnitReportReporter -->
<testsuite hostname="Manohar" failures="0" tests="2" name="com.utilities.Tests11" time="0.000" errors="0" timestamp="19 Jul 2018 16:45:13 GMT" skipped="0">
  <testcase classname="com.utilities.Tests11" name="f" time="0.000"/>
  <testcase classname="com.utilities.Tests11" name="f2" time="0.000"/>
</testsuite> <!-- com.utilities.Tests11 -->
