<?xml version="1.0" encoding="UTF-8"?>
<!-- Generated by org.testng.reporters.JUnitReportReporter -->
<testsuite skipped="0" hostname="Manohar" name="com.journeys.testsuite.SignupTestsuite" tests="1" failures="0" timestamp="19 Jul 2018 19:23:30 GMT" time="6.172" errors="0">
  <testcase name="f" time="6.172" classname="com.journeys.testsuite.SignupTestsuite"/>
</testsuite> <!-- com.journeys.testsuite.SignupTestsuite -->
