<?xml version="1.0" encoding="UTF-8"?>
<!-- Generated by org.testng.reporters.JUnitReportReporter -->
<testsuite hostname="Manohar" name="com.utilities.NewTest" tests="1" failures="0" timestamp="3 Jun 2018 14:58:46 GMT" time="0.016" errors="0">
  <testcase name="f" time="0.016" classname="com.utilities.NewTest"/>
</testsuite> <!-- com.utilities.NewTest -->
