<?xml version="1.0" encoding="UTF-8"?>
<!-- Generated by org.testng.reporters.JUnitReportReporter -->
<testsuite hostname="Manohar" name="com.utilities.Method" tests="2" failures="0" timestamp="3 Jun 2018 15:08:43 GMT" time="0.017" errors="0">
  <testcase name="f" time="0.014" classname="com.utilities.Method"/>
  <testcase name="f2" time="0.003" classname="com.utilities.Method"/>
</testsuite> <!-- com.utilities.Method -->
