<?xml version="1.0" encoding="UTF-8"?>
<!-- Generated by org.testng.reporters.JUnitReportReporter -->
<testsuite hostname="Manohar" name="com.utilities.Tests11" tests="2" failures="0" timestamp="3 Jun 2018 15:11:40 GMT" time="0.009" errors="0">
  <testcase name="f" time="0.007" classname="com.utilities.Tests11"/>
  <testcase name="f2" time="0.002" classname="com.utilities.Tests11"/>
</testsuite> <!-- com.utilities.Tests11 -->
